<?xml version="1.0" encoding="UTF-8"?>
<testsuite xmlns:xsi="http://www.w3.org/2001/XMLSchema-instance" xsi:noNamespaceSchemaLocation="https://maven.apache.org/surefire/maven-surefire-plugin/xsd/surefire-test-report.xsd" version="3.0.2" name="com.example.laboratory.LaboratoryApplicationTests" time="3.587" tests="1" errors="0" skipped="0" failures="0">
  <properties>
[...]
</properties>
  <testcase name="contextLoads" classname="com.example.laboratory.LaboratoryApplicationTests" time="0.515">
    <system-out><![CDATA[18:05:06.573 [main] INFO org.springframework.test.context.support.AnnotationConfigContextLoaderUtils -- Could not detect default configuration classes for test class [com.example.laboratory.LaboratoryApplicationTests]: LaboratoryApplicationTests does not declare any static, non-private, non-final, nested classes annotated with @Configuration.
18:05:06.644 [main] INFO org.springframework.boot.test.context.SpringBootTestContextBootstrapper -- Found @SpringBootConfiguration com.example.laboratory.LaboratoryApplication for test class com.example.laboratory.LaboratoryApplicationTests

  .   ____          _            __ _ _
 /\\ / ___'_ __ _ _(_)_ __  __ _ \ \ \ \
( ( )\___ | '_ | '_| | '_ \/ _` | \ \ \ \
 \\/  ___)| |_)| | | | | || (_| |  ) ) ) )
  '  |____| .__|_| |_|_| |_\__, | / / / /
 =========|_|==============|___/=/_/_/_/

 :: Spring Boot ::                (v3.4.8)

2025-08-18T18:05:06.971+08:00  INFO 29344 --- [laboratory] [           main] c.e.l.LaboratoryApplicationTests         : Starting LaboratoryApplicationTests using Java 17.0.16 with PID 29344 (started by AsUS in D:\ownerprogram\poject\智湃网络\308081-150\code\laboratory)
2025-08-18T18:05:06.971+08:00 DEBUG 29344 --- [laboratory] [           main] c.e.l.LaboratoryApplicationTests         : Running with Spring Boot v3.4.8, Spring v6.2.9
2025-08-18T18:05:06.972+08:00  INFO 29344 --- [laboratory] [           main] c.e.l.LaboratoryApplicationTests         : No active profile set, falling back to 1 default profile: "default"
2025-08-18T18:05:08.491+08:00  INFO 29344 --- [laboratory] [           main] o.s.v.b.OptionalValidatorFactoryBean     : Failed to set up a Bean Validation provider: jakarta.validation.NoProviderFoundException: Unable to create a Configuration, because no Jakarta Bean Validation provider could be found. Add a provider like Hibernate Validator (RI) to your classpath.
2025-08-18T18:05:09.284+08:00  WARN 29344 --- [laboratory] [           main] .s.s.UserDetailsServiceAutoConfiguration : 

Using generated security password: d07c2221-8f60-40aa-bbd8-8c769b971d44

This generated password is for development use only. Your security configuration must be updated before running your application in production.

2025-08-18T18:05:09.298+08:00  INFO 29344 --- [laboratory] [           main] r$InitializeUserDetailsManagerConfigurer : Global AuthenticationManager configured with UserDetailsService bean with name inMemoryUserDetailsManager
2025-08-18T18:05:09.520+08:00  INFO 29344 --- [laboratory] [           main] c.e.l.LaboratoryApplicationTests         : Started LaboratoryApplicationTests in 2.758 seconds (process running for 3.432)
]]></system-out>
  </testcase>
</testsuite>